150909 200727.076|CONFIG|AWT-EventQueue-0|setFileHandlers|Now logging to C:\Users\John\Dropbox\UVA\ICPC\pc2-9.2.4-2837\pc2-9.2.4\bin\logs directory.
150909 200727.076|INFO|AWT-EventQueue-0|info|
150909 200727.076|INFO|AWT-EventQueue-0|info|Version 9.2.4 20140920 (Saturday, September 20th 2014 00:52 UTC) Java ver 1.8.0_60 build 2837 Windows 10 10.0 (x86) 
150909 200727.076|INFO|AWT-EventQueue-0|info|Login: team36 (aka team36)
150909 200727.076|INFO|AWT-EventQueue-0|startLog|Working directory is C:\Users\John\Dropbox\UVA\ICPC\pc2-9.2.4-2837\pc2-9.2.4\bin
150909 200727.077|INFO|AWT-EventQueue-0|startLog|Process id is 12688@jjp_rb15fhd
150909 200727.077|INFO|AWT-EventQueue-0|info|Contacting server at libra.cs.virginia.edu:50002 as TEAM36 @ site 0
150909 200727.077|INFO|AWT-EventQueue-0|info|sendLoginRequest start - sending from TEAM36 @ site 0
150909 200727.083|INFO|AWT-EventQueue-0|sendToLocalServer|Sending packet to server Packet[LOGIN_REQUEST] #1 TEAM36 @ site 0 -> SERVER0 @ site 0
150909 200727.084|INFO|Thread-4|run|send(Serializable)
150909 200727.085|INFO|AWT-EventQueue-0|sendToLocalServer|Sent    packet to server Packet[LOGIN_REQUEST] #1 TEAM36 @ site 0 -> SERVER0 @ site 0
150909 200727.085|INFO|AWT-EventQueue-0|info|sendLoginRequest end - packet sent.
150909 200727.210|INFO|Thread-1|receive|public void receive(SealedObject TransportPacket, ConnectionHandlerID connectionHandlerID)
150909 200727.234|INFO|Thread-5|info| receiveObject(S) start got Packet[LOGIN_SUCCESS] #153 SERVER0 @ site 1 -> TEAM36 @ site 1
150909 200727.234|INFO|Thread-5|dumpPacket|Packet LOGIN_SUCCESS (Seq #153 ) recieveObject
150909 200727.234|INFO|Thread-5|dumpPacket|  From: SERVER0 @ site 1 (libra @ 127.0.1.1) (Contest Id: Default--1818480425291956127)
150909 200727.234|INFO|Thread-5|dumpPacket|    To: TEAM36 @ site 1
150909 200727.235|INFO|Thread-5|dumpPacket|   key: ACCOUNT_ARRAY is: [Ledu.csus.ecs.pc2.core.model.Account; [Ledu.csus.ecs.pc2.core.model.Account;@3617b1
150909 200727.235|INFO|Thread-5|dumpPacket|   key: GENERAL_PROBLEM is: edu.csus.ecs.pc2.core.model.Problem General
150909 200727.235|INFO|Thread-5|dumpPacket|   key: SERVER_CLOCK_OFFSET is: java.util.GregorianCalendar java.util.GregorianCalendar[time=1441843649917,areFieldsSet=true,areAllFieldsSet=false,lenient=true,zone=sun.util.calendar.ZoneInfo[id="GMT",offset=0,dstSavings=0,useDaylight=false,transitions=0,lastRule=null],firstDayOfWeek=1,minimalDaysInFirstWeek=1,ERA=1,YEAR=2015,MONTH=8,WEEK_OF_YEAR=37,WEEK_OF_MONTH=2,DAY_OF_MONTH=10,DAY_OF_YEAR=253,DAY_OF_WEEK=5,DAY_OF_WEEK_IN_MONTH=2,AM_PM=0,HOUR=0,HOUR_OF_DAY=0,MINUTE=7,SECOND=29,MILLISECOND=917,ZONE_OFFSET=0,DST_OFFSET=0]
150909 200727.235|INFO|Thread-5|dumpPacket|   key: JUDGEMENT_LIST is: [Ledu.csus.ecs.pc2.core.model.Judgement; [Ledu.csus.ecs.pc2.core.model.Judgement;@f1f587
150909 200727.235|INFO|Thread-5|dumpPacket|   key: PROBLEM_DATA_FILES is: [Ledu.csus.ecs.pc2.core.model.ProblemDataFiles; [Ledu.csus.ecs.pc2.core.model.ProblemDataFiles;@ce7cc1
150909 200727.235|INFO|Thread-5|dumpPacket|   key: LANGUAGE_LIST is: [Ledu.csus.ecs.pc2.core.model.Language; [Ledu.csus.ecs.pc2.core.model.Language;@1ccffbc
150909 200727.235|INFO|Thread-5|dumpPacket|   key: PROFILE is: edu.csus.ecs.pc2.core.model.Profile Default-7834201052439354646
150909 200727.235|INFO|Thread-5|dumpPacket|   key: BALLOON_SETTINGS_LIST is: [Ledu.csus.ecs.pc2.core.model.BalloonSettings; [Ledu.csus.ecs.pc2.core.model.BalloonSettings;@115ee2b
150909 200727.235|INFO|Thread-5|dumpPacket|   key: REMOTE_LOGGED_IN_USERS is: [Ledu.csus.ecs.pc2.core.model.ClientId; [Ledu.csus.ecs.pc2.core.model.ClientId;@ab7183
150909 200727.235|INFO|Thread-5|dumpPacket|   key: CLARIFICATION_LIST is: [Ledu.csus.ecs.pc2.core.model.Clarification; [Ledu.csus.ecs.pc2.core.model.Clarification;@1983ea3
150909 200727.235|INFO|Thread-5|dumpPacket|   key: CONTEST_IDENTIFIER is: java.lang.String Default--1818480425291956127
150909 200727.236|INFO|Thread-5|dumpPacket|   key: PROBLEM_LIST is: [Ledu.csus.ecs.pc2.core.model.Problem; [Ledu.csus.ecs.pc2.core.model.Problem;@1e300f3
150909 200727.236|INFO|Thread-5|dumpPacket|   key: SITE_NUMBER is: java.lang.Integer 1
150909 200727.236|INFO|Thread-5|dumpPacket|   key: CLIENT_SETTINGS_LIST is: [Ledu.csus.ecs.pc2.core.model.ClientSettings; [Ledu.csus.ecs.pc2.core.model.ClientSettings;@157cbd2
150909 200727.236|INFO|Thread-5|dumpPacket|   key: LOCAL_LOGGED_IN_USERS is: [Ledu.csus.ecs.pc2.core.model.ClientId; [Ledu.csus.ecs.pc2.core.model.ClientId;@b78692
150909 200727.236|INFO|Thread-5|dumpPacket|   key: CLIENT_ID is: edu.csus.ecs.pc2.core.model.ClientId TEAM36 @ site 1
150909 200727.236|INFO|Thread-5|dumpPacket|   key: GROUP_LIST is: [Ledu.csus.ecs.pc2.core.model.Group; [Ledu.csus.ecs.pc2.core.model.Group;@9cd641
150909 200727.236|INFO|Thread-5|dumpPacket|   key: CONNECTION_HANDLE_ID_LIST is: [Ledu.csus.ecs.pc2.core.transport.ConnectionHandlerID; [Ledu.csus.ecs.pc2.core.transport.ConnectionHandlerID;@1adb9b9
150909 200727.236|INFO|Thread-5|dumpPacket|   key: CONTEST_TIME is: edu.csus.ecs.pc2.core.model.ContestTime edu.csus.ecs.pc2.core.model.ContestTime@7e205
150909 200727.236|INFO|Thread-5|dumpPacket|   key: PROFILE_LIST is: [Ledu.csus.ecs.pc2.core.model.Profile; [Ledu.csus.ecs.pc2.core.model.Profile;@e26ac1
150909 200727.236|INFO|Thread-5|dumpPacket|   key: CONTEST_TIME_LIST is: [Ledu.csus.ecs.pc2.core.model.ContestTime; [Ledu.csus.ecs.pc2.core.model.ContestTime;@b68bc2
150909 200727.236|INFO|Thread-5|dumpPacket|   key: CONTEST_INFORMATION is: edu.csus.ecs.pc2.core.model.ContestInformation edu.csus.ecs.pc2.core.model.ContestInformation@f284dc
150909 200727.236|INFO|Thread-5|dumpPacket|   key: SITE_LIST is: [Ledu.csus.ecs.pc2.core.model.Site; [Ledu.csus.ecs.pc2.core.model.Site;@130434d
150909 200727.236|INFO|Thread-5|dumpPacket|   key: RUN_LIST is: [Ledu.csus.ecs.pc2.core.model.Run; [Ledu.csus.ecs.pc2.core.model.Run;@1b9508
150909 200727.237|INFO|Thread-5|info|handlePacket start Packet[LOGIN_SUCCESS] #153 SERVER0 @ site 1 -> TEAM36 @ site 1
150909 200727.237|INFO|Thread-5|dumpPacket|Packet LOGIN_SUCCESS (Seq #153 ) handlePacket
150909 200727.237|INFO|Thread-5|dumpPacket|  From: SERVER0 @ site 1 (libra @ 127.0.1.1) (Contest Id: Default--1818480425291956127)
150909 200727.237|INFO|Thread-5|dumpPacket|    To: TEAM36 @ site 1
150909 200727.237|INFO|Thread-5|dumpPacket|   key: ACCOUNT_ARRAY is: [Ledu.csus.ecs.pc2.core.model.Account; [Ledu.csus.ecs.pc2.core.model.Account;@3617b1
150909 200727.237|INFO|Thread-5|dumpPacket|   key: GENERAL_PROBLEM is: edu.csus.ecs.pc2.core.model.Problem General
150909 200727.237|INFO|Thread-5|dumpPacket|   key: SERVER_CLOCK_OFFSET is: java.util.GregorianCalendar java.util.GregorianCalendar[time=1441843649917,areFieldsSet=true,areAllFieldsSet=false,lenient=true,zone=sun.util.calendar.ZoneInfo[id="GMT",offset=0,dstSavings=0,useDaylight=false,transitions=0,lastRule=null],firstDayOfWeek=1,minimalDaysInFirstWeek=1,ERA=1,YEAR=2015,MONTH=8,WEEK_OF_YEAR=37,WEEK_OF_MONTH=2,DAY_OF_MONTH=10,DAY_OF_YEAR=253,DAY_OF_WEEK=5,DAY_OF_WEEK_IN_MONTH=2,AM_PM=0,HOUR=0,HOUR_OF_DAY=0,MINUTE=7,SECOND=29,MILLISECOND=917,ZONE_OFFSET=0,DST_OFFSET=0]
150909 200727.237|INFO|Thread-5|dumpPacket|   key: JUDGEMENT_LIST is: [Ledu.csus.ecs.pc2.core.model.Judgement; [Ledu.csus.ecs.pc2.core.model.Judgement;@f1f587
150909 200727.237|INFO|Thread-5|dumpPacket|   key: PROBLEM_DATA_FILES is: [Ledu.csus.ecs.pc2.core.model.ProblemDataFiles; [Ledu.csus.ecs.pc2.core.model.ProblemDataFiles;@ce7cc1
150909 200727.237|INFO|Thread-5|dumpPacket|   key: LANGUAGE_LIST is: [Ledu.csus.ecs.pc2.core.model.Language; [Ledu.csus.ecs.pc2.core.model.Language;@1ccffbc
150909 200727.237|INFO|Thread-5|dumpPacket|   key: PROFILE is: edu.csus.ecs.pc2.core.model.Profile Default-7834201052439354646
150909 200727.238|INFO|Thread-5|dumpPacket|   key: BALLOON_SETTINGS_LIST is: [Ledu.csus.ecs.pc2.core.model.BalloonSettings; [Ledu.csus.ecs.pc2.core.model.BalloonSettings;@115ee2b
150909 200727.238|INFO|Thread-5|dumpPacket|   key: REMOTE_LOGGED_IN_USERS is: [Ledu.csus.ecs.pc2.core.model.ClientId; [Ledu.csus.ecs.pc2.core.model.ClientId;@ab7183
150909 200727.238|INFO|Thread-5|dumpPacket|   key: CLARIFICATION_LIST is: [Ledu.csus.ecs.pc2.core.model.Clarification; [Ledu.csus.ecs.pc2.core.model.Clarification;@1983ea3
150909 200727.238|INFO|Thread-5|dumpPacket|   key: CONTEST_IDENTIFIER is: java.lang.String Default--1818480425291956127
150909 200727.238|INFO|Thread-5|dumpPacket|   key: PROBLEM_LIST is: [Ledu.csus.ecs.pc2.core.model.Problem; [Ledu.csus.ecs.pc2.core.model.Problem;@1e300f3
150909 200727.238|INFO|Thread-5|dumpPacket|   key: SITE_NUMBER is: java.lang.Integer 1
150909 200727.238|INFO|Thread-5|dumpPacket|   key: CLIENT_SETTINGS_LIST is: [Ledu.csus.ecs.pc2.core.model.ClientSettings; [Ledu.csus.ecs.pc2.core.model.ClientSettings;@157cbd2
150909 200727.238|INFO|Thread-5|dumpPacket|   key: LOCAL_LOGGED_IN_USERS is: [Ledu.csus.ecs.pc2.core.model.ClientId; [Ledu.csus.ecs.pc2.core.model.ClientId;@b78692
150909 200727.238|INFO|Thread-5|dumpPacket|   key: CLIENT_ID is: edu.csus.ecs.pc2.core.model.ClientId TEAM36 @ site 1
150909 200727.238|INFO|Thread-5|dumpPacket|   key: GROUP_LIST is: [Ledu.csus.ecs.pc2.core.model.Group; [Ledu.csus.ecs.pc2.core.model.Group;@9cd641
150909 200727.238|INFO|Thread-5|dumpPacket|   key: CONNECTION_HANDLE_ID_LIST is: [Ledu.csus.ecs.pc2.core.transport.ConnectionHandlerID; [Ledu.csus.ecs.pc2.core.transport.ConnectionHandlerID;@1adb9b9
150909 200727.238|INFO|Thread-5|dumpPacket|   key: CONTEST_TIME is: edu.csus.ecs.pc2.core.model.ContestTime edu.csus.ecs.pc2.core.model.ContestTime@7e205
150909 200727.238|INFO|Thread-5|dumpPacket|   key: PROFILE_LIST is: [Ledu.csus.ecs.pc2.core.model.Profile; [Ledu.csus.ecs.pc2.core.model.Profile;@e26ac1
150909 200727.239|INFO|Thread-5|dumpPacket|   key: CONTEST_TIME_LIST is: [Ledu.csus.ecs.pc2.core.model.ContestTime; [Ledu.csus.ecs.pc2.core.model.ContestTime;@b68bc2
150909 200727.239|INFO|Thread-5|dumpPacket|   key: CONTEST_INFORMATION is: edu.csus.ecs.pc2.core.model.ContestInformation edu.csus.ecs.pc2.core.model.ContestInformation@f284dc
150909 200727.239|INFO|Thread-5|dumpPacket|   key: SITE_LIST is: [Ledu.csus.ecs.pc2.core.model.Site; [Ledu.csus.ecs.pc2.core.model.Site;@130434d
150909 200727.239|INFO|Thread-5|dumpPacket|   key: RUN_LIST is: [Ledu.csus.ecs.pc2.core.model.Run; [Ledu.csus.ecs.pc2.core.model.Run;@1b9508
150909 201126.386|INFO|Thread-1|receive|public void receive(SealedObject TransportPacket, ConnectionHandlerID connectionHandlerID)
150909 201136.624|INFO|Thread-1|receive|public void receive(SealedObject TransportPacket, ConnectionHandlerID connectionHandlerID)
150909 201550.812|INFO|Thread-1|receive|public void receive(SealedObject TransportPacket, ConnectionHandlerID connectionHandlerID)
150909 201806.425|INFO|Thread-1|receive|public void receive(SealedObject TransportPacket, ConnectionHandlerID connectionHandlerID)
150909 201837.552|INFO|Thread-1|receive|public void receive(SealedObject TransportPacket, ConnectionHandlerID connectionHandlerID)
150909 202123.630|INFO|Thread-1|receive|public void receive(SealedObject TransportPacket, ConnectionHandlerID connectionHandlerID)
150909 202319.416|INFO|Thread-1|receive|public void receive(SealedObject TransportPacket, ConnectionHandlerID connectionHandlerID)
150909 202401.188|INFO|Thread-1|receive|public void receive(SealedObject TransportPacket, ConnectionHandlerID connectionHandlerID)
150909 202428.849|INFO|Thread-1|receive|public void receive(SealedObject TransportPacket, ConnectionHandlerID connectionHandlerID)
150909 202455.604|INFO|Thread-1|receive|public void receive(SealedObject TransportPacket, ConnectionHandlerID connectionHandlerID)
150909 203457.393|INFO|Thread-1|receive|public void receive(SealedObject TransportPacket, ConnectionHandlerID connectionHandlerID)
150909 204910.706|INFO|Thread-1|receive|public void receive(SealedObject TransportPacket, ConnectionHandlerID connectionHandlerID)
150909 205044.055|INFO|Thread-1|receive|public void receive(SealedObject TransportPacket, ConnectionHandlerID connectionHandlerID)
150909 205050.836|INFO|Thread-1|receive|public void receive(SealedObject TransportPacket, ConnectionHandlerID connectionHandlerID)
150909 213042.865|INFO|Thread-25|run|send(Serializable)
150909 213042.895|INFO|Thread-1|receive|public void receive(SealedObject TransportPacket, ConnectionHandlerID connectionHandlerID)
150909 213118.308|INFO|Thread-1|receive|public void receive(SealedObject TransportPacket, ConnectionHandlerID connectionHandlerID)
150909 215426.924|INFO|Thread-30|run|send(Serializable)
150909 215426.953|INFO|Thread-1|receive|public void receive(SealedObject TransportPacket, ConnectionHandlerID connectionHandlerID)
150909 215827.479|INFO|Thread-1|receive|public void receive(SealedObject TransportPacket, ConnectionHandlerID connectionHandlerID)
150909 220249.819|INFO|Thread-33|run|send(Serializable)
150909 220249.852|INFO|Thread-1|receive|public void receive(SealedObject TransportPacket, ConnectionHandlerID connectionHandlerID)
150909 220624.148|INFO|Thread-1|receive|public void receive(SealedObject TransportPacket, ConnectionHandlerID connectionHandlerID)
150909 221212.223|INFO|Thread-1|receive|public void receive(SealedObject TransportPacket, ConnectionHandlerID connectionHandlerID)
150909 223614.291|INFO|Thread-1|connectionDropped|connectionDropped(ConnectionHandlerID myConnectionID) 
