160901 120929.811|CONFIG|main|setFileHandlers|Now logging to C:\Users\John\Dropbox\UVA\ICPC\pc2-9.3.2-3449\pc2-9.3.2\bin\logs directory.
160901 120929.813|INFO|main|info|
160901 120929.823|INFO|main|info|Version 9.3.2 20160615 (Wednesday, June 15th 2016 04:04 UTC) Java ver 1.8.0_101 build 3449 Windows 10 10.0 (x86) 
160901 120929.823|INFO|main|startLog|Working directory is C:\Users\John\Dropbox\UVA\ICPC\pc2-9.3.2-3449\pc2-9.3.2\bin
160901 120929.845|INFO|main|startLog|Process id is 3676@jjp_rb15fhd
160901 120929.845|INFO|main|start|Starting ConnectionManager...
160901 120930.152|INFO|main|start|Started ConnectionManager
160901 120930.167|INFO|main|setClientServerAndPort|INIFile File location: file:/C:/Users/John/Dropbox/UVA/ICPC/pc2-9.3.2-3449/pc2-9.3.2/bin/pc2v9.ini
160901 120930.167|INFO|main|setClientServerAndPort|setClientServerAndPort libra.cs.virginia.edu parsed as libra.cs.virginia.edu port 50002
160901 120930.168|INFO|main|info|Contacting server at libra.cs.virginia.edu:50002
160901 120930.169|INFO|main|connectToMyServer|Connecting to libra.cs.virginia.edu:50002
160901 120931.377|INFO|main|<init>|IO Exception:libra.cs.virginia.edu
160901 120931.378|INFO|main|connectToMyServer|Could not ConnectToMyServer()
160901 120931.379|INFO|main|start|Exception logged 
|edu.csus.ecs.pc2.core.transport.TransportException: Connection refused: connect
|    at edu.csus.ecs.pc2.core.transport.TransportManager.connectToMyServer (TransportManager.java:197)
|    at edu.csus.ecs.pc2.core.transport.connection.ConnectionManager.connectToMyServer (ConnectionManager.java:99)
|    at edu.csus.ecs.pc2.core.InternalController.start (InternalController.java:2526)
|    at edu.csus.ecs.pc2.Starter.main (Starter.java:49)
160901 120931.379|INFO|main|info|Unable to contact server at libra.cs.virginia.edu:0 Connection refused: connect
