160928 230540.723|CONFIG|main|setFileHandlers|Now logging to C:\Users\John\Dropbox\UVA\ICPC\pc2-9.3.2-3449\pc2-9.3.2\bin\logs directory.
160928 230540.725|INFO|main|info|
160928 230540.730|INFO|main|info|Version 9.3.2 20160615 (Wednesday, June 15th 2016 04:04 UTC) Java ver 1.8.0_101 build 3449 Windows 10 10.0 (x86) 
160928 230540.730|INFO|main|startLog|Working directory is C:\Users\John\Dropbox\UVA\ICPC\pc2-9.3.2-3449\pc2-9.3.2\bin
160928 230540.744|INFO|main|startLog|Process id is 8136@jjp_rb15fhd
160928 230540.744|INFO|main|start|Starting ConnectionManager...
160928 230540.929|INFO|main|start|Started ConnectionManager
160928 230540.933|INFO|main|setClientServerAndPort|INIFile File location: file:/C:/Users/John/Dropbox/UVA/ICPC/pc2-9.3.2-3449/pc2-9.3.2/bin/pc2v9.ini
160928 230540.934|INFO|main|setClientServerAndPort|setClientServerAndPort libra.cs.virginia.edu parsed as libra.cs.virginia.edu port 50002
160928 230540.934|INFO|main|info|Contacting server at libra.cs.virginia.edu:50002
160928 230540.934|INFO|main|connectToMyServer|Connecting to libra.cs.virginia.edu:50002
160928 230542.103|INFO|main|<init>|IO Exception:libra.cs.virginia.edu
160928 230542.104|INFO|main|connectToMyServer|Could not ConnectToMyServer()
160928 230542.104|INFO|main|start|Exception logged 
|edu.csus.ecs.pc2.core.transport.TransportException: Connection refused: connect
|    at edu.csus.ecs.pc2.core.transport.TransportManager.connectToMyServer (TransportManager.java:197)
|    at edu.csus.ecs.pc2.core.transport.connection.ConnectionManager.connectToMyServer (ConnectionManager.java:99)
|    at edu.csus.ecs.pc2.core.InternalController.start (InternalController.java:2526)
|    at edu.csus.ecs.pc2.Starter.main (Starter.java:49)
160928 230542.104|INFO|main|info|Unable to contact server at libra.cs.virginia.edu:0 Connection refused: connect
