160928 200004.123|CONFIG|main|setFileHandlers|Now logging to C:\Users\John\Dropbox\UVA\ICPC\pc2-9.3.2-3449\pc2-9.3.2\bin\logs directory.
160928 200004.125|INFO|main|info|
160928 200004.130|INFO|main|info|Version 9.3.2 20160615 (Wednesday, June 15th 2016 04:04 UTC) Java ver 1.8.0_101 build 3449 Windows 10 10.0 (x86) 
160928 200004.131|INFO|main|startLog|Working directory is C:\Users\John\Dropbox\UVA\ICPC\pc2-9.3.2-3449\pc2-9.3.2\bin
160928 200004.145|INFO|main|startLog|Process id is 2264@jjp_rb15fhd
160928 200004.145|INFO|main|start|Starting ConnectionManager...
160928 200004.368|INFO|main|start|Started ConnectionManager
160928 200004.373|INFO|main|setClientServerAndPort|INIFile File location: file:/C:/Users/John/Dropbox/UVA/ICPC/pc2-9.3.2-3449/pc2-9.3.2/bin/pc2v9.ini
160928 200004.373|INFO|main|setClientServerAndPort|setClientServerAndPort libra.cs.virginia.edu parsed as libra.cs.virginia.edu port 50002
160928 200004.373|INFO|main|info|Contacting server at libra.cs.virginia.edu:50002
160928 200004.373|INFO|main|connectToMyServer|Connecting to libra.cs.virginia.edu:50002
160928 200004.456|INFO|Thread-1|receiveUnencrypted|receiveUnencrypted(TransportWrapper, ConnectionHandlerID=Socket[addr=libra.cs.virginia.edu/128.143.136.220,port=50002,localport=54301]--8882319586797039189)
160928 200004.518|INFO|Thread-1|receiveUnencrypted|receiveUnencrypted Made a secret key for Socket[addr=libra.cs.virginia.edu/128.143.136.220,port=50002,localport=54301]--8882319586797039189 key is com.sun.crypto.provider.DESKey@fffe7992
160928 200004.519|INFO|Thread-1|getPublicKeyPacket|Generating Unencrypted Public Key Packet
160928 200004.519|INFO|Thread-1|getPublicKeyPacket|checking key:= SunJCE Diffie-Hellman Public Key:
y:
    9dc856ff 9b7dc98f 00265daf c13cc7f3 9c435ff7 775202a2 f42bfb0d ee5eb025
    978222e8 c5c36cd6 b8346500 dd53f689 41ad33c5 a2012cbb d15435f9 62703c0e
    aefe5f34 cfd5926e 2384608d 0d1bdc41 d205a1e1 8a083d10 b44e2788 325d01ff
    3b898b3a 4b6ec3d7 ecc28558 18d7d3d1 edcc537d 70e5a724 98d9b02e 3e5f1cde
p:
    f488fd58 4e49dbcd 20b49de4 9107366b 336c380d 451d0f7c 88b31c7c 5b2d8ef6
    f3c923c0 43f0a55b 188d8ebb 558cb85d 38d334fd 7c175743 a31d186c de33212c
    b52aff3c e1b12940 18118d7c 84a70a72 d686c403 19c80729 7aca950c d9969fab
    d00a509b 0246d308 3d66a45d 419f9c7c bd894b22 1926baab a25ec355 e92f78c7
g:
    02
l:
    512
160928 200004.519|INFO|Thread-1|getPublicKeyPacket|packet:= edu.csus.ecs.pc2.core.transport.TransportWrapper@1957753
160928 210632.102|INFO|Thread-1|receive|Exception in receive for Socket[addr=libra.cs.virginia.edu/128.143.136.220,port=50002,localport=54301]--8882319586797039189
|java.net.SocketTimeoutException: Read timed out
|    at java.net.SocketInputStream.socketRead0 (Unknown Source)
|    at java.net.SocketInputStream.socketRead (Unknown Source)
|    at java.net.SocketInputStream.read (Unknown Source)
|    at java.net.SocketInputStream.read (Unknown Source)
|    at java.net.SocketInputStream.read (Unknown Source)
|    at java.io.ObjectInputStream$PeekInputStream.peek (Unknown Source)
|    at java.io.ObjectInputStream$BlockDataInputStream.peek (Unknown Source)
|    at java.io.ObjectInputStream$BlockDataInputStream.peekByte (Unknown Source)
|    at java.io.ObjectInputStream.readObject0 (Unknown Source)
|    at java.io.ObjectInputStream.readObject (Unknown Source)
|    at edu.csus.ecs.pc2.core.transport.ConnectionHandlerThread.receive (ConnectionHandlerThread.java:151)
|    at edu.csus.ecs.pc2.core.transport.ConnectionHandlerClientThread.run (ConnectionHandlerClientThread.java:65)
160928 210632.103|FINER|Thread-1|run|THROW
|edu.csus.ecs.pc2.core.transport.TransportException: Read timed out
|    at edu.csus.ecs.pc2.core.transport.ConnectionHandlerThread.receive (ConnectionHandlerThread.java:161)
|    at edu.csus.ecs.pc2.core.transport.ConnectionHandlerClientThread.run (ConnectionHandlerClientThread.java:65)
160928 210632.103|INFO|Thread-1|receive|SocketException in receive for Socket[addr=libra.cs.virginia.edu/128.143.136.220,port=50002,localport=54301]--8882319586797039189
|java.net.SocketException: Connection reset
|    at java.net.SocketInputStream.read (Unknown Source)
|    at java.net.SocketInputStream.read (Unknown Source)
|    at java.net.SocketInputStream.read (Unknown Source)
|    at java.io.ObjectInputStream$PeekInputStream.peek (Unknown Source)
|    at java.io.ObjectInputStream$BlockDataInputStream.peek (Unknown Source)
|    at java.io.ObjectInputStream$BlockDataInputStream.peekByte (Unknown Source)
|    at java.io.ObjectInputStream.readObject0 (Unknown Source)
|    at java.io.ObjectInputStream.readObject (Unknown Source)
|    at edu.csus.ecs.pc2.core.transport.ConnectionHandlerThread.receive (ConnectionHandlerThread.java:151)
|    at edu.csus.ecs.pc2.core.transport.ConnectionHandlerClientThread.run (ConnectionHandlerClientThread.java:65)
160928 210632.103|FINER|Thread-1|run|THROW
|edu.csus.ecs.pc2.core.transport.TransportException: Connection reset
|    at edu.csus.ecs.pc2.core.transport.ConnectionHandlerThread.receive (ConnectionHandlerThread.java:155)
|    at edu.csus.ecs.pc2.core.transport.ConnectionHandlerClientThread.run (ConnectionHandlerClientThread.java:65)
