160907 200110.850|CONFIG|main|setFileHandlers|Now logging to C:\Users\John\Dropbox\UVA\ICPC\pc2-9.3.2-3449\pc2-9.3.2\bin\logs directory.
160907 200110.851|INFO|main|info|
160907 200110.858|INFO|main|info|Version 9.3.2 20160615 (Wednesday, June 15th 2016 04:04 UTC) Java ver 1.8.0_101 build 3449 Windows 10 10.0 (x86) 
160907 200110.858|INFO|main|startLog|Working directory is C:\Users\John\Dropbox\UVA\ICPC\pc2-9.3.2-3449\pc2-9.3.2\bin
160907 200110.875|INFO|main|startLog|Process id is 101568@jjp_rb15fhd
160907 200110.875|INFO|main|start|Starting ConnectionManager...
160907 200111.110|INFO|main|start|Started ConnectionManager
160907 200111.115|INFO|main|setClientServerAndPort|INIFile File location: file:/C:/Users/John/Dropbox/UVA/ICPC/pc2-9.3.2-3449/pc2-9.3.2/bin/pc2v9.ini
160907 200111.115|INFO|main|setClientServerAndPort|setClientServerAndPort libra.cs.virginia.edu parsed as libra.cs.virginia.edu port 50002
160907 200111.116|INFO|main|info|Contacting server at libra.cs.virginia.edu:50002
160907 200111.116|INFO|main|connectToMyServer|Connecting to libra.cs.virginia.edu:50002
160907 200111.216|INFO|Thread-1|receiveUnencrypted|receiveUnencrypted(TransportWrapper, ConnectionHandlerID=Socket[addr=libra.cs.virginia.edu/128.143.136.220,port=50002,localport=53018]--7298814323562535340)
160907 200111.292|INFO|Thread-1|receiveUnencrypted|receiveUnencrypted Made a secret key for Socket[addr=libra.cs.virginia.edu/128.143.136.220,port=50002,localport=53018]--7298814323562535340 key is com.sun.crypto.provider.DESKey@fffe7f6e
160907 200111.292|INFO|Thread-1|getPublicKeyPacket|Generating Unencrypted Public Key Packet
160907 200111.293|INFO|Thread-1|getPublicKeyPacket|checking key:= SunJCE Diffie-Hellman Public Key:
y:
    98249b74 de726ff9 c2d5d4e1 461042a7 6dd546af f8bffdd1 2317f793 699c48d2
    41dac8c2 e12ad84f 72e1c9a4 28164538 1cd5fdc5 d9c3ff8a cc71fa4b c32a3a8f
    9e8ff27f f9fa1195 09762e2c 98298ed4 29d888f5 ba793ca8 a2ff73cd a8688e55
    37da6148 70af8157 4847a16c 42929b1e 20f1c126 b2966c46 2edafe6e e79e48d2
p:
    f488fd58 4e49dbcd 20b49de4 9107366b 336c380d 451d0f7c 88b31c7c 5b2d8ef6
    f3c923c0 43f0a55b 188d8ebb 558cb85d 38d334fd 7c175743 a31d186c de33212c
    b52aff3c e1b12940 18118d7c 84a70a72 d686c403 19c80729 7aca950c d9969fab
    d00a509b 0246d308 3d66a45d 419f9c7c bd894b22 1926baab a25ec355 e92f78c7
g:
    02
l:
    512
160907 200111.293|INFO|Thread-1|getPublicKeyPacket|packet:= edu.csus.ecs.pc2.core.transport.TransportWrapper@961de4
160907 214830.566|INFO|Thread-1|receive|Exception in receive for Socket[addr=libra.cs.virginia.edu/128.143.136.220,port=50002,localport=53018]--7298814323562535340
|java.net.SocketTimeoutException: Read timed out
|    at java.net.SocketInputStream.socketRead0 (Unknown Source)
|    at java.net.SocketInputStream.socketRead (Unknown Source)
|    at java.net.SocketInputStream.read (Unknown Source)
|    at java.net.SocketInputStream.read (Unknown Source)
|    at java.net.SocketInputStream.read (Unknown Source)
|    at java.io.ObjectInputStream$PeekInputStream.peek (Unknown Source)
|    at java.io.ObjectInputStream$BlockDataInputStream.peek (Unknown Source)
|    at java.io.ObjectInputStream$BlockDataInputStream.peekByte (Unknown Source)
|    at java.io.ObjectInputStream.readObject0 (Unknown Source)
|    at java.io.ObjectInputStream.readObject (Unknown Source)
|    at edu.csus.ecs.pc2.core.transport.ConnectionHandlerThread.receive (ConnectionHandlerThread.java:151)
|    at edu.csus.ecs.pc2.core.transport.ConnectionHandlerClientThread.run (ConnectionHandlerClientThread.java:65)
160907 214830.567|FINER|Thread-1|run|THROW
|edu.csus.ecs.pc2.core.transport.TransportException: Read timed out
|    at edu.csus.ecs.pc2.core.transport.ConnectionHandlerThread.receive (ConnectionHandlerThread.java:161)
|    at edu.csus.ecs.pc2.core.transport.ConnectionHandlerClientThread.run (ConnectionHandlerClientThread.java:65)
160907 214830.568|INFO|Thread-1|receive|SocketException in receive for Socket[addr=libra.cs.virginia.edu/128.143.136.220,port=50002,localport=53018]--7298814323562535340
|java.net.SocketException: Connection reset
|    at java.net.SocketInputStream.read (Unknown Source)
|    at java.net.SocketInputStream.read (Unknown Source)
|    at java.net.SocketInputStream.read (Unknown Source)
|    at java.io.ObjectInputStream$PeekInputStream.peek (Unknown Source)
|    at java.io.ObjectInputStream$BlockDataInputStream.peek (Unknown Source)
|    at java.io.ObjectInputStream$BlockDataInputStream.peekByte (Unknown Source)
|    at java.io.ObjectInputStream.readObject0 (Unknown Source)
|    at java.io.ObjectInputStream.readObject (Unknown Source)
|    at edu.csus.ecs.pc2.core.transport.ConnectionHandlerThread.receive (ConnectionHandlerThread.java:151)
|    at edu.csus.ecs.pc2.core.transport.ConnectionHandlerClientThread.run (ConnectionHandlerClientThread.java:65)
160907 214830.568|FINER|Thread-1|run|THROW
|edu.csus.ecs.pc2.core.transport.TransportException: Connection reset
|    at edu.csus.ecs.pc2.core.transport.ConnectionHandlerThread.receive (ConnectionHandlerThread.java:155)
|    at edu.csus.ecs.pc2.core.transport.ConnectionHandlerClientThread.run (ConnectionHandlerClientThread.java:65)
160907 214835.311|INFO|Thread-28|send|Exception near writeObject
|java.lang.NullPointerException: null
|    at edu.csus.ecs.pc2.core.transport.ConnectionHandlerThread.send (ConnectionHandlerThread.java:100)
|    at edu.csus.ecs.pc2.core.transport.ConnectionHandler.send (ConnectionHandler.java:128)
|    at edu.csus.ecs.pc2.core.transport.TransportManager$3.run (TransportManager.java:492)
|    at java.lang.Thread.run (Unknown Source)
